{"/Users/Anuar/Documents/projects/HackReactor/thesis/dbs/db.js": {"path":"/Users/Anuar/Documents/projects/HackReactor/thesis/dbs/db.js","statementMap":{"0":{"start":{"line":1,"column":14},"end":{"line":1,"column":42}},"1":{"start":{"line":2,"column":13},"end":{"line":2,"column":40}},"2":{"start":{"line":3,"column":17},"end":{"line":3,"column":49}},"3":{"start":{"line":4,"column":18},"end":{"line":4,"column":49}},"4":{"start":{"line":6,"column":0},"end":{"line":6,"column":52}}},"fnMap":{},"branchMap":{},"s":{"0":1,"1":1,"2":1,"3":1,"4":1},"f":{},"b":{},"_coverageSchema":"332fd63041d2c1bcb487cc26dd0d5f7d97098a6c","hash":"023735131ee9b3ee32afb3708730f62a25d82e80"}
,"/Users/Anuar/Documents/projects/HackReactor/thesis/dbs/elasticsearch.js": {"path":"/Users/Anuar/Documents/projects/HackReactor/thesis/dbs/elasticsearch.js","statementMap":{"0":{"start":{"line":1,"column":20},"end":{"line":1,"column":44}},"1":{"start":{"line":3,"column":13},"end":{"line":3,"column":39}},"2":{"start":{"line":5,"column":0},"end":{"line":49,"column":1}},"3":{"start":{"line":7,"column":4},"end":{"line":9,"column":7}},"4":{"start":{"line":12,"column":4},"end":{"line":14,"column":7}},"5":{"start":{"line":18,"column":4},"end":{"line":24,"column":7}},"6":{"start":{"line":27,"column":4},"end":{"line":31,"column":7}},"7":{"start":{"line":34,"column":4},"end":{"line":34,"column":19}},"8":{"start":{"line":37,"column":4},"end":{"line":41,"column":40}},"9":{"start":{"line":41,"column":18},"end":{"line":41,"column":38}},"10":{"start":{"line":44,"column":4},"end":{"line":44,"column":34}},"11":{"start":{"line":45,"column":4},"end":{"line":47,"column":7}},"12":{"start":{"line":46,"column":6},"end":{"line":46,"column":32}}},"fnMap":{"0":{"name":"(anonymous_0)","decl":{"start":{"line":6,"column":13},"end":{"line":6,"column":14}},"loc":{"start":{"line":6,"column":29},"end":{"line":10,"column":3}},"line":6},"1":{"name":"(anonymous_1)","decl":{"start":{"line":11,"column":15},"end":{"line":11,"column":16}},"loc":{"start":{"line":11,"column":31},"end":{"line":15,"column":3}},"line":11},"2":{"name":"(anonymous_2)","decl":{"start":{"line":16,"column":14},"end":{"line":16,"column":15}},"loc":{"start":{"line":16,"column":42},"end":{"line":25,"column":3}},"line":16},"3":{"name":"(anonymous_3)","decl":{"start":{"line":26,"column":10},"end":{"line":26,"column":11}},"loc":{"start":{"line":26,"column":26},"end":{"line":32,"column":3}},"line":26},"4":{"name":"(anonymous_4)","decl":{"start":{"line":33,"column":19},"end":{"line":33,"column":20}},"loc":{"start":{"line":33,"column":31},"end":{"line":35,"column":3}},"line":33},"5":{"name":"(anonymous_5)","decl":{"start":{"line":36,"column":16},"end":{"line":36,"column":17}},"loc":{"start":{"line":36,"column":27},"end":{"line":42,"column":3}},"line":36},"6":{"name":"(anonymous_6)","decl":{"start":{"line":41,"column":12},"end":{"line":41,"column":13}},"loc":{"start":{"line":41,"column":18},"end":{"line":41,"column":38}},"line":41},"7":{"name":"(anonymous_7)","decl":{"start":{"line":43,"column":19},"end":{"line":43,"column":20}},"loc":{"start":{"line":43,"column":30},"end":{"line":48,"column":3}},"line":43},"8":{"name":"(anonymous_8)","decl":{"start":{"line":45,"column":23},"end":{"line":45,"column":24}},"loc":{"start":{"line":45,"column":41},"end":{"line":47,"column":5}},"line":45}},"branchMap":{},"s":{"0":1,"1":1,"2":1,"3":0,"4":0,"5":0,"6":0,"7":0,"8":0,"9":0,"10":0,"11":0,"12":0},"f":{"0":0,"1":0,"2":0,"3":0,"4":0,"5":0,"6":0,"7":0,"8":0},"b":{},"_coverageSchema":"332fd63041d2c1bcb487cc26dd0d5f7d97098a6c","hash":"dd6b18171038432603868287d54f2088c3a7fa25"}
,"/Users/Anuar/Documents/projects/HackReactor/thesis/dbs/postgres/Categories.js": {"path":"/Users/Anuar/Documents/projects/HackReactor/thesis/dbs/postgres/Categories.js","statementMap":{},"fnMap":{},"branchMap":{},"s":{},"f":{},"b":{},"_coverageSchema":"332fd63041d2c1bcb487cc26dd0d5f7d97098a6c","hash":"b437affecc6e4fda396fd361aca6271895c1341a"}
,"/Users/Anuar/Documents/projects/HackReactor/thesis/dbs/postgres/Videos.js": {"path":"/Users/Anuar/Documents/projects/HackReactor/thesis/dbs/postgres/Videos.js","statementMap":{"0":{"start":{"line":1,"column":18},"end":{"line":1,"column":38}},"1":{"start":{"line":2,"column":18},"end":{"line":2,"column":40}},"2":{"start":{"line":3,"column":17},"end":{"line":3,"column":40}},"3":{"start":{"line":5,"column":14},"end":{"line":16,"column":2}},"4":{"start":{"line":18,"column":0},"end":{"line":18,"column":23}}},"fnMap":{},"branchMap":{},"s":{"0":1,"1":1,"2":1,"3":1,"4":1},"f":{},"b":{},"_coverageSchema":"332fd63041d2c1bcb487cc26dd0d5f7d97098a6c","hash":"5eb4cf89ccdcff2ed9d7e9b7847673e056d0de6a"}
,"/Users/Anuar/Documents/projects/HackReactor/thesis/dbs/postgres/Views.js": {"path":"/Users/Anuar/Documents/projects/HackReactor/thesis/dbs/postgres/Views.js","statementMap":{"0":{"start":{"line":1,"column":18},"end":{"line":1,"column":38}},"1":{"start":{"line":2,"column":18},"end":{"line":2,"column":40}},"2":{"start":{"line":3,"column":14},"end":{"line":3,"column":33}},"3":{"start":{"line":5,"column":13},"end":{"line":9,"column":2}},"4":{"start":{"line":11,"column":0},"end":{"line":11,"column":20}},"5":{"start":{"line":13,"column":0},"end":{"line":13,"column":22}}},"fnMap":{},"branchMap":{},"s":{"0":1,"1":1,"2":1,"3":1,"4":1,"5":1},"f":{},"b":{},"_coverageSchema":"332fd63041d2c1bcb487cc26dd0d5f7d97098a6c","hash":"3a229e53e1f67d536f5ab67160a9089f05f9379e"}
,"/Users/Anuar/Documents/projects/HackReactor/thesis/dbs/postgres/sequelize.js": {"path":"/Users/Anuar/Documents/projects/HackReactor/thesis/dbs/postgres/sequelize.js","statementMap":{"0":{"start":{"line":1,"column":11},"end":{"line":1,"column":24}},"1":{"start":{"line":2,"column":0},"end":{"line":2,"column":17}},"2":{"start":{"line":3,"column":18},"end":{"line":3,"column":38}},"3":{"start":{"line":5,"column":18},"end":{"line":8,"column":2}},"4":{"start":{"line":10,"column":0},"end":{"line":10,"column":27}}},"fnMap":{},"branchMap":{},"s":{"0":1,"1":1,"2":1,"3":1,"4":1},"f":{},"b":{},"_coverageSchema":"332fd63041d2c1bcb487cc26dd0d5f7d97098a6c","hash":"966d1cc913321cd677b63b0db6dc21372cf50778"}
}
