TN:
SF:/Users/Anuar/Documents/projects/HackReactor/thesis/dbs/db.js
FNF:0
FNH:0
DA:1,1
DA:2,1
DA:3,1
DA:4,1
DA:6,1
LF:5
LH:5
BRF:0
BRH:0
end_of_record
TN:
SF:/Users/Anuar/Documents/projects/HackReactor/thesis/dbs/elasticsearch.js
FN:6,(anonymous_0)
FN:11,(anonymous_1)
FN:16,(anonymous_2)
FN:26,(anonymous_3)
FN:33,(anonymous_4)
FN:36,(anonymous_5)
FN:41,(anonymous_6)
FN:43,(anonymous_7)
FN:45,(anonymous_8)
FNF:9
FNH:0
FNDA:0,(anonymous_0)
FNDA:0,(anonymous_1)
FNDA:0,(anonymous_2)
FNDA:0,(anonymous_3)
FNDA:0,(anonymous_4)
FNDA:0,(anonymous_5)
FNDA:0,(anonymous_6)
FNDA:0,(anonymous_7)
FNDA:0,(anonymous_8)
DA:1,1
DA:3,1
DA:5,1
DA:7,0
DA:12,0
DA:18,0
DA:27,0
DA:34,0
DA:37,0
DA:41,0
DA:44,0
DA:45,0
DA:46,0
LF:13
LH:3
BRF:0
BRH:0
end_of_record
TN:
SF:/Users/Anuar/Documents/projects/HackReactor/thesis/dbs/postgres/Categories.js
FNF:0
FNH:0
LF:0
LH:0
BRF:0
BRH:0
end_of_record
TN:
SF:/Users/Anuar/Documents/projects/HackReactor/thesis/dbs/postgres/Videos.js
FNF:0
FNH:0
DA:1,1
DA:2,1
DA:3,1
DA:5,1
DA:18,1
LF:5
LH:5
BRF:0
BRH:0
end_of_record
TN:
SF:/Users/Anuar/Documents/projects/HackReactor/thesis/dbs/postgres/Views.js
FNF:0
FNH:0
DA:1,1
DA:2,1
DA:3,1
DA:5,1
DA:11,1
DA:13,1
LF:6
LH:6
BRF:0
BRH:0
end_of_record
TN:
SF:/Users/Anuar/Documents/projects/HackReactor/thesis/dbs/postgres/sequelize.js
FNF:0
FNH:0
DA:1,1
DA:2,1
DA:3,1
DA:5,1
DA:10,1
LF:5
LH:5
BRF:0
BRH:0
end_of_record
